C51 COMPILER V9.01   MAIN                                                                  03/16/2016 00:54:15 PAGE 1   


C51 COMPILER V9.01, COMPILATION OF MODULE MAIN
OBJECT MODULE PLACED IN main.OBJ
COMPILER INVOKED BY: C:\Keil\C51\BIN\C51.EXE main.c BROWSE DEBUG OBJECTEXTEND

line level    source

   1          #include <REGX52.H>
   2          sbit port1 = P1^0;
   3          sbit port2 = P1^1;
   4          sbit port3 = P1^2;
   5          sbit port4 = P1^3;
   6          
   7          void main()
   8          {
   9   1              while(1)
  10   1              {
  11   2                      port1 = 0;
  12   2                      port2 = 1;
  13   2                      port3 = 0;
  14   2                      port4 = 0;
  15   2              }
  16   1      }


MODULE INFORMATION:   STATIC OVERLAYABLE
   CODE SIZE        =     10    ----
   CONSTANT SIZE    =   ----    ----
   XDATA SIZE       =   ----    ----
   PDATA SIZE       =   ----    ----
   DATA SIZE        =   ----    ----
   IDATA SIZE       =   ----    ----
   BIT SIZE         =   ----    ----
END OF MODULE INFORMATION.


C51 COMPILATION COMPLETE.  0 WARNING(S),  0 ERROR(S)
